Collecting pandas (from -r requirements.txt (line 1))
  Downloading pandas-3.0.1-cp312-cp312-manylinux_2_24_x86_64.manylinux_2_28_x86_64.whl.metadata (79 kB)
Collecting yfinance (from -r requirements.txt (line 2))
  Downloading yfinance-1.2.0-py2.py3-none-any.whl.metadata (6.1 kB)
Collecting matplotlib (from -r requirements.txt (line 3))
  Downloading matplotlib-3.10.8-cp312-cp312-manylinux2014_x86_64.manylinux_2_17_x86_64.whl.metadata (52 kB)
Collecting numpy (from -r requirements.txt (line 4))
  Downloading numpy-2.4.3-cp312-cp312-manylinux_2_27_x86_64.manylinux_2_28_x86_64.whl.metadata (6.6 kB)
Collecting scipy (from -r requirements.txt (line 5))
  Downloading scipy-1.17.1-cp312-cp312-manylinux_2_27_x86_64.manylinux_2_28_x86_64.whl.metadata (62 kB)
Collecting statsmodels (from -r requirements.txt (line 6))
  Downloading statsmodels-0.14.6-cp312-cp312-manylinux2014_x86_64.manylinux_2_17_x86_64.manylinux_2_28_x86_64.whl.metadata (9.5 kB)
Collecting scikit-learn (from -r requirements.txt (line 7))
  Downloading scikit_learn-1.8.0-cp312-cp312-manylinux_2_27_x86_64.manylinux_2_28_x86_64.whl.metadata (11 kB)
Collecting xgboost (from -r requirements.txt (line 8))
  Downloading xgboost-3.2.0-py3-none-manylinux_2_28_x86_64.whl.metadata (2.1 kB)
Collecting seaborn (from -r requirements.txt (line 9))
  Downloading seaborn-0.13.2-py3-none-any.whl.metadata (5.4 kB)
Collecting ipykernel (from -r requirements.txt (line 10))
  Downloading ipykernel-7.2.0-py3-none-any.whl.metadata (4.5 kB)
Collecting ipympl (from -r requirements.txt (line 11))
  Downloading ipympl-0.10.0-py3-none-any.whl.metadata (9.4 kB)
Collecting jupyter (from -r requirements.txt (line 12))
  Downloading jupyter-1.1.1-py2.py3-none-any.whl.metadata (2.0 kB)
Collecting notebook (from -r requirements.txt (line 13))
  Downloading notebook-7.5.5-py3-none-any.whl.metadata (10 kB)
Collecting python-dateutil>=2.8.2 (from pandas->-r requirements.txt (line 1))
  Using cached python_dateutil-2.9.0.post0-py2.py3-none-any.whl.metadata (8.4 kB)
Collecting requests>=2.31 (from yfinance->-r requirements.txt (line 2))
  Using cached requests-2.32.5-py3-none-any.whl.metadata (4.9 kB)
Collecting multitasking>=0.0.7 (from yfinance->-r requirements.txt (line 2))
  Downloading multitasking-0.0.12.tar.gz (19 kB)
  Installing build dependencies: started
  Installing build dependencies: finished with status 'done'
  Getting requirements to build wheel: started
  Getting requirements to build wheel: finished with status 'done'
  Preparing metadata (pyproject.toml): started
  Preparing metadata (pyproject.toml): finished with status 'done'
Collecting platformdirs>=2.0.0 (from yfinance->-r requirements.txt (line 2))
  Using cached platformdirs-4.9.4-py3-none-any.whl.metadata (4.7 kB)
Collecting pytz>=2022.5 (from yfinance->-r requirements.txt (line 2))
  Downloading pytz-2026.1.post1-py2.py3-none-any.whl.metadata (22 kB)
Collecting frozendict>=2.3.4 (from yfinance->-r requirements.txt (line 2))
  Downloading frozendict-2.4.7-py3-none-any.whl.metadata (23 kB)
Collecting peewee>=3.16.2 (from yfinance->-r requirements.txt (line 2))
  Downloading peewee-4.0.2-py3-none-any.whl.metadata (8.6 kB)
Collecting beautifulsoup4>=4.11.1 (from yfinance->-r requirements.txt (line 2))
  Downloading beautifulsoup4-4.14.3-py3-none-any.whl.metadata (3.8 kB)
Collecting curl_cffi<0.14,>=0.7 (from yfinance->-r requirements.txt (line 2))
  Downloading curl_cffi-0.13.0-cp39-abi3-manylinux_2_17_x86_64.manylinux2014_x86_64.whl.metadata (13 kB)
Collecting protobuf>=3.19.0 (from yfinance->-r requirements.txt (line 2))
  Downloading protobuf-7.34.1-cp310-abi3-manylinux2014_x86_64.whl.metadata (595 bytes)
Collecting websockets>=13.0 (from yfinance->-r requirements.txt (line 2))
  Downloading websockets-16.0-cp312-cp312-manylinux1_x86_64.manylinux_2_28_x86_64.manylinux_2_5_x86_64.whl.metadata (6.8 kB)
Collecting cffi>=1.12.0 (from curl_cffi<0.14,>=0.7->yfinance->-r requirements.txt (line 2))
  Using cached cffi-2.0.0-cp312-cp312-manylinux2014_x86_64.manylinux_2_17_x86_64.whl.metadata (2.6 kB)
Collecting certifi>=2024.2.2 (from curl_cffi<0.14,>=0.7->yfinance->-r requirements.txt (line 2))
  Using cached certifi-2026.2.25-py3-none-any.whl.metadata (2.5 kB)
Collecting contourpy>=1.0.1 (from matplotlib->-r requirements.txt (line 3))
  Downloading contourpy-1.3.3-cp312-cp312-manylinux_2_27_x86_64.manylinux_2_28_x86_64.whl.metadata (5.5 kB)
Collecting cycler>=0.10 (from matplotlib->-r requirements.txt (line 3))
  Downloading cycler-0.12.1-py3-none-any.whl.metadata (3.8 kB)
Collecting fonttools>=4.22.0 (from matplotlib->-r requirements.txt (line 3))
  Downloading fonttools-4.62.1-cp312-cp312-manylinux2014_x86_64.manylinux_2_17_x86_64.whl.metadata (117 kB)
Collecting kiwisolver>=1.3.1 (from matplotlib->-r requirements.txt (line 3))
  Downloading kiwisolver-1.5.0-cp312-cp312-manylinux2014_x86_64.manylinux_2_17_x86_64.whl.metadata (5.1 kB)
Collecting packaging>=20.0 (from matplotlib->-r requirements.txt (line 3))
  Using cached packaging-26.0-py3-none-any.whl.metadata (3.3 kB)
Collecting pillow>=8 (from matplotlib->-r requirements.txt (line 3))
  Downloading pillow-12.1.1-cp312-cp312-manylinux_2_27_x86_64.manylinux_2_28_x86_64.whl.metadata (8.8 kB)
Collecting pyparsing>=3 (from matplotlib->-r requirements.txt (line 3))
  Downloading pyparsing-3.3.2-py3-none-any.whl.metadata (5.8 kB)
Collecting patsy>=0.5.6 (from statsmodels->-r requirements.txt (line 6))
  Downloading patsy-1.0.2-py2.py3-none-any.whl.metadata (3.6 kB)
Collecting joblib>=1.3.0 (from scikit-learn->-r requirements.txt (line 7))
  Downloading joblib-1.5.3-py3-none-any.whl.metadata (5.5 kB)
Collecting threadpoolctl>=3.2.0 (from scikit-learn->-r requirements.txt (line 7))
  Downloading threadpoolctl-3.6.0-py3-none-any.whl.metadata (13 kB)
Collecting nvidia-nccl-cu12 (from xgboost->-r requirements.txt (line 8))
  Downloading nvidia_nccl_cu12-2.29.7-py3-none-manylinux_2_18_x86_64.whl.metadata (2.1 kB)
Collecting comm>=0.1.1 (from ipykernel->-r requirements.txt (line 10))
  Downloading comm-0.2.3-py3-none-any.whl.metadata (3.7 kB)
Collecting debugpy>=1.6.5 (from ipykernel->-r requirements.txt (line 10))
  Downloading debugpy-1.8.20-cp312-cp312-manylinux_2_34_x86_64.whl.metadata (1.4 kB)
Collecting ipython>=7.23.1 (from ipykernel->-r requirements.txt (line 10))
  Downloading ipython-9.11.0-py3-none-any.whl.metadata (4.5 kB)
Collecting jupyter-client>=8.8.0 (from ipykernel->-r requirements.txt (line 10))
  Downloading jupyter_client-8.8.0-py3-none-any.whl.metadata (8.4 kB)
Collecting jupyter-core!=6.0.*,>=5.1 (from ipykernel->-r requirements.txt (line 10))
  Downloading jupyter_core-5.9.1-py3-none-any.whl.metadata (1.5 kB)
Collecting matplotlib-inline>=0.1 (from ipykernel->-r requirements.txt (line 10))
  Downloading matplotlib_inline-0.2.1-py3-none-any.whl.metadata (2.3 kB)
Collecting nest-asyncio>=1.4 (from ipykernel->-r requirements.txt (line 10))
  Downloading nest_asyncio-1.6.0-py3-none-any.whl.metadata (2.8 kB)
Collecting psutil>=5.7 (from ipykernel->-r requirements.txt (line 10))
  Downloading psutil-7.2.2-cp36-abi3-manylinux2010_x86_64.manylinux_2_12_x86_64.manylinux_2_28_x86_64.whl.metadata (22 kB)
Collecting pyzmq>=25 (from ipykernel->-r requirements.txt (line 10))
  Downloading pyzmq-27.1.0-cp312-abi3-manylinux_2_26_x86_64.manylinux_2_28_x86_64.whl.metadata (6.0 kB)
Collecting tornado>=6.4.1 (from ipykernel->-r requirements.txt (line 10))
  Downloading tornado-6.5.5-cp39-abi3-manylinux1_x86_64.manylinux_2_28_x86_64.manylinux_2_5_x86_64.whl.metadata (2.8 kB)
Collecting traitlets>=5.4.0 (from ipykernel->-r requirements.txt (line 10))
  Downloading traitlets-5.14.3-py3-none-any.whl.metadata (10 kB)
Collecting ipywidgets<9,>=7.6.0 (from ipympl->-r requirements.txt (line 11))
  Downloading ipywidgets-8.1.8-py3-none-any.whl.metadata (2.4 kB)
Collecting decorator>=5.1.0 (from ipython>=7.23.1->ipykernel->-r requirements.txt (line 10))
  Downloading decorator-5.2.1-py3-none-any.whl.metadata (3.9 kB)
Collecting ipython-pygments-lexers>=1.0.0 (from ipython>=7.23.1->ipykernel->-r requirements.txt (line 10))
  Downloading ipython_pygments_lexers-1.1.1-py3-none-any.whl.metadata (1.1 kB)
Collecting jedi>=0.18.2 (from ipython>=7.23.1->ipykernel->-r requirements.txt (line 10))
  Downloading jedi-0.19.2-py2.py3-none-any.whl.metadata (22 kB)
Collecting pexpect>4.6 (from ipython>=7.23.1->ipykernel->-r requirements.txt (line 10))
  Downloading pexpect-4.9.0-py2.py3-none-any.whl.metadata (2.5 kB)
Collecting prompt_toolkit<3.1.0,>=3.0.41 (from ipython>=7.23.1->ipykernel->-r requirements.txt (line 10))
  Downloading prompt_toolkit-3.0.52-py3-none-any.whl.metadata (6.4 kB)
Collecting pygments>=2.14.0 (from ipython>=7.23.1->ipykernel->-r requirements.txt (line 10))
  Using cached pygments-2.19.2-py3-none-any.whl.metadata (2.5 kB)
Collecting stack_data>=0.6.0 (from ipython>=7.23.1->ipykernel->-r requirements.txt (line 10))
  Downloading stack_data-0.6.3-py3-none-any.whl.metadata (18 kB)
Collecting widgetsnbextension~=4.0.14 (from ipywidgets<9,>=7.6.0->ipympl->-r requirements.txt (line 11))
  Downloading widgetsnbextension-4.0.15-py3-none-any.whl.metadata (1.6 kB)
Collecting jupyterlab_widgets~=3.0.15 (from ipywidgets<9,>=7.6.0->ipympl->-r requirements.txt (line 11))
  Downloading jupyterlab_widgets-3.0.16-py3-none-any.whl.metadata (20 kB)
Collecting wcwidth (from prompt_toolkit<3.1.0,>=3.0.41->ipython>=7.23.1->ipykernel->-r requirements.txt (line 10))
  Downloading wcwidth-0.6.0-py3-none-any.whl.metadata (30 kB)
Collecting jupyter-console (from jupyter->-r requirements.txt (line 12))
  Downloading jupyter_console-6.6.3-py3-none-any.whl.metadata (5.8 kB)
Collecting nbconvert (from jupyter->-r requirements.txt (line 12))
  Downloading nbconvert-7.17.0-py3-none-any.whl.metadata (8.4 kB)
Collecting jupyterlab (from jupyter->-r requirements.txt (line 12))
  Downloading jupyterlab-4.5.6-py3-none-any.whl.metadata (16 kB)
Collecting jupyter-server<3,>=2.4.0 (from notebook->-r requirements.txt (line 13))
  Downloading jupyter_server-2.17.0-py3-none-any.whl.metadata (8.5 kB)
Collecting jupyterlab-server<3,>=2.28.0 (from notebook->-r requirements.txt (line 13))
  Downloading jupyterlab_server-2.28.0-py3-none-any.whl.metadata (5.9 kB)
Collecting notebook-shim<0.3,>=0.2 (from notebook->-r requirements.txt (line 13))
  Downloading notebook_shim-0.2.4-py3-none-any.whl.metadata (4.0 kB)
Collecting anyio>=3.1.0 (from jupyter-server<3,>=2.4.0->notebook->-r requirements.txt (line 13))
  Using cached anyio-4.12.1-py3-none-any.whl.metadata (4.3 kB)
Collecting argon2-cffi>=21.1 (from jupyter-server<3,>=2.4.0->notebook->-r requirements.txt (line 13))
  Downloading argon2_cffi-25.1.0-py3-none-any.whl.metadata (4.1 kB)
Collecting jinja2>=3.0.3 (from jupyter-server<3,>=2.4.0->notebook->-r requirements.txt (line 13))
  Using cached jinja2-3.1.6-py3-none-any.whl.metadata (2.9 kB)
Collecting jupyter-events>=0.11.0 (from jupyter-server<3,>=2.4.0->notebook->-r requirements.txt (line 13))
  Downloading jupyter_events-0.12.0-py3-none-any.whl.metadata (5.8 kB)
Collecting jupyter-server-terminals>=0.4.4 (from jupyter-server<3,>=2.4.0->notebook->-r requirements.txt (line 13))
  Downloading jupyter_server_terminals-0.5.4-py3-none-any.whl.metadata (5.9 kB)
Collecting nbformat>=5.3.0 (from jupyter-server<3,>=2.4.0->notebook->-r requirements.txt (line 13))
  Downloading nbformat-5.10.4-py3-none-any.whl.metadata (3.6 kB)
Collecting prometheus-client>=0.9 (from jupyter-server<3,>=2.4.0->notebook->-r requirements.txt (line 13))
  Downloading prometheus_client-0.24.1-py3-none-any.whl.metadata (2.1 kB)
Collecting send2trash>=1.8.2 (from jupyter-server<3,>=2.4.0->notebook->-r requirements.txt (line 13))
  Downloading send2trash-2.1.0-py3-none-any.whl.metadata (4.1 kB)
Collecting terminado>=0.8.3 (from jupyter-server<3,>=2.4.0->notebook->-r requirements.txt (line 13))
  Downloading terminado-0.18.1-py3-none-any.whl.metadata (5.8 kB)
Collecting websocket-client>=1.7 (from jupyter-server<3,>=2.4.0->notebook->-r requirements.txt (line 13))
  Downloading websocket_client-1.9.0-py3-none-any.whl.metadata (8.3 kB)
Collecting async-lru>=1.0.0 (from jupyterlab->jupyter->-r requirements.txt (line 12))
  Downloading async_lru-2.3.0-py3-none-any.whl.metadata (7.6 kB)
Collecting httpx<1,>=0.25.0 (from jupyterlab->jupyter->-r requirements.txt (line 12))
  Using cached httpx-0.28.1-py3-none-any.whl.metadata (7.1 kB)
Collecting jupyter-lsp>=2.0.0 (from jupyterlab->jupyter->-r requirements.txt (line 12))
  Downloading jupyter_lsp-2.3.0-py3-none-any.whl.metadata (1.8 kB)
Collecting setuptools>=41.1.0 (from jupyterlab->jupyter->-r requirements.txt (line 12))
  Using cached setuptools-82.0.1-py3-none-any.whl.metadata (6.5 kB)
Collecting httpcore==1.* (from httpx<1,>=0.25.0->jupyterlab->jupyter->-r requirements.txt (line 12))
  Using cached httpcore-1.0.9-py3-none-any.whl.metadata (21 kB)
Collecting idna (from httpx<1,>=0.25.0->jupyterlab->jupyter->-r requirements.txt (line 12))
  Using cached idna-3.11-py3-none-any.whl.metadata (8.4 kB)
Collecting h11>=0.16 (from httpcore==1.*->httpx<1,>=0.25.0->jupyterlab->jupyter->-r requirements.txt (line 12))
  Using cached h11-0.16.0-py3-none-any.whl.metadata (8.3 kB)
Collecting babel>=2.10 (from jupyterlab-server<3,>=2.28.0->notebook->-r requirements.txt (line 13))
  Downloading babel-2.18.0-py3-none-any.whl.metadata (2.2 kB)
Collecting json5>=0.9.0 (from jupyterlab-server<3,>=2.28.0->notebook->-r requirements.txt (line 13))
  Downloading json5-0.13.0-py3-none-any.whl.metadata (36 kB)
Collecting jsonschema>=4.18.0 (from jupyterlab-server<3,>=2.28.0->notebook->-r requirements.txt (line 13))
  Downloading jsonschema-4.26.0-py3-none-any.whl.metadata (7.6 kB)
Requirement already satisfied: typing_extensions>=4.5 in /home/jules/.pyenv/versions/3.12.13/lib/python3.12/site-packages (from anyio>=3.1.0->jupyter-server<3,>=2.4.0->notebook->-r requirements.txt (line 13)) (4.15.0)
Collecting argon2-cffi-bindings (from argon2-cffi>=21.1->jupyter-server<3,>=2.4.0->notebook->-r requirements.txt (line 13))
  Downloading argon2_cffi_bindings-25.1.0-cp39-abi3-manylinux_2_26_x86_64.manylinux_2_28_x86_64.whl.metadata (7.4 kB)
Collecting soupsieve>=1.6.1 (from beautifulsoup4>=4.11.1->yfinance->-r requirements.txt (line 2))
  Downloading soupsieve-2.8.3-py3-none-any.whl.metadata (4.6 kB)
Collecting pycparser (from cffi>=1.12.0->curl_cffi<0.14,>=0.7->yfinance->-r requirements.txt (line 2))
  Using cached pycparser-3.0-py3-none-any.whl.metadata (8.2 kB)
Collecting parso<0.9.0,>=0.8.4 (from jedi>=0.18.2->ipython>=7.23.1->ipykernel->-r requirements.txt (line 10))
  Downloading parso-0.8.6-py2.py3-none-any.whl.metadata (8.4 kB)
Collecting MarkupSafe>=2.0 (from jinja2>=3.0.3->jupyter-server<3,>=2.4.0->notebook->-r requirements.txt (line 13))
  Using cached markupsafe-3.0.3-cp312-cp312-manylinux2014_x86_64.manylinux_2_17_x86_64.manylinux_2_28_x86_64.whl.metadata (2.7 kB)
Collecting attrs>=22.2.0 (from jsonschema>=4.18.0->jupyterlab-server<3,>=2.28.0->notebook->-r requirements.txt (line 13))
  Downloading attrs-26.1.0-py3-none-any.whl.metadata (8.8 kB)
Collecting jsonschema-specifications>=2023.03.6 (from jsonschema>=4.18.0->jupyterlab-server<3,>=2.28.0->notebook->-r requirements.txt (line 13))
  Downloading jsonschema_specifications-2025.9.1-py3-none-any.whl.metadata (2.9 kB)
Collecting referencing>=0.28.4 (from jsonschema>=4.18.0->jupyterlab-server<3,>=2.28.0->notebook->-r requirements.txt (line 13))
  Downloading referencing-0.37.0-py3-none-any.whl.metadata (2.8 kB)
Collecting rpds-py>=0.25.0 (from jsonschema>=4.18.0->jupyterlab-server<3,>=2.28.0->notebook->-r requirements.txt (line 13))
  Downloading rpds_py-0.30.0-cp312-cp312-manylinux_2_17_x86_64.manylinux2014_x86_64.whl.metadata (4.1 kB)
Collecting python-json-logger>=2.0.4 (from jupyter-events>=0.11.0->jupyter-server<3,>=2.4.0->notebook->-r requirements.txt (line 13))
  Downloading python_json_logger-4.0.0-py3-none-any.whl.metadata (4.0 kB)
Collecting pyyaml>=5.3 (from jupyter-events>=0.11.0->jupyter-server<3,>=2.4.0->notebook->-r requirements.txt (line 13))
  Using cached pyyaml-6.0.3-cp312-cp312-manylinux2014_x86_64.manylinux_2_17_x86_64.manylinux_2_28_x86_64.whl.metadata (2.4 kB)
Collecting rfc3339-validator (from jupyter-events>=0.11.0->jupyter-server<3,>=2.4.0->notebook->-r requirements.txt (line 13))
  Downloading rfc3339_validator-0.1.4-py2.py3-none-any.whl.metadata (1.5 kB)
Collecting rfc3986-validator>=0.1.1 (from jupyter-events>=0.11.0->jupyter-server<3,>=2.4.0->notebook->-r requirements.txt (line 13))
  Downloading rfc3986_validator-0.1.1-py2.py3-none-any.whl.metadata (1.7 kB)
Collecting fqdn (from jsonschema[format-nongpl]>=4.18.0->jupyter-events>=0.11.0->jupyter-server<3,>=2.4.0->notebook->-r requirements.txt (line 13))
  Downloading fqdn-1.5.1-py3-none-any.whl.metadata (1.4 kB)
Collecting isoduration (from jsonschema[format-nongpl]>=4.18.0->jupyter-events>=0.11.0->jupyter-server<3,>=2.4.0->notebook->-r requirements.txt (line 13))
  Downloading isoduration-20.11.0-py3-none-any.whl.metadata (5.7 kB)
Collecting jsonpointer>1.13 (from jsonschema[format-nongpl]>=4.18.0->jupyter-events>=0.11.0->jupyter-server<3,>=2.4.0->notebook->-r requirements.txt (line 13))
  Downloading jsonpointer-3.1.0-py3-none-any.whl.metadata (2.4 kB)
Collecting rfc3987-syntax>=1.1.0 (from jsonschema[format-nongpl]>=4.18.0->jupyter-events>=0.11.0->jupyter-server<3,>=2.4.0->notebook->-r requirements.txt (line 13))
  Downloading rfc3987_syntax-1.1.0-py3-none-any.whl.metadata (7.7 kB)
Collecting uri-template (from jsonschema[format-nongpl]>=4.18.0->jupyter-events>=0.11.0->jupyter-server<3,>=2.4.0->notebook->-r requirements.txt (line 13))
  Downloading uri_template-1.3.0-py3-none-any.whl.metadata (8.8 kB)
Collecting webcolors>=24.6.0 (from jsonschema[format-nongpl]>=4.18.0->jupyter-events>=0.11.0->jupyter-server<3,>=2.4.0->notebook->-r requirements.txt (line 13))
  Downloading webcolors-25.10.0-py3-none-any.whl.metadata (2.2 kB)
Collecting bleach!=5.0.0 (from bleach[css]!=5.0.0->nbconvert->jupyter->-r requirements.txt (line 12))
  Downloading bleach-6.3.0-py3-none-any.whl.metadata (31 kB)
Collecting defusedxml (from nbconvert->jupyter->-r requirements.txt (line 12))
  Downloading defusedxml-0.7.1-py2.py3-none-any.whl.metadata (32 kB)
Collecting jupyterlab-pygments (from nbconvert->jupyter->-r requirements.txt (line 12))
  Downloading jupyterlab_pygments-0.3.0-py3-none-any.whl.metadata (4.4 kB)
Collecting mistune<4,>=2.0.3 (from nbconvert->jupyter->-r requirements.txt (line 12))
  Downloading mistune-3.2.0-py3-none-any.whl.metadata (1.9 kB)
Collecting nbclient>=0.5.0 (from nbconvert->jupyter->-r requirements.txt (line 12))
  Downloading nbclient-0.10.4-py3-none-any.whl.metadata (8.3 kB)
Collecting pandocfilters>=1.4.1 (from nbconvert->jupyter->-r requirements.txt (line 12))
  Downloading pandocfilters-1.5.1-py2.py3-none-any.whl.metadata (9.0 kB)
Collecting webencodings (from bleach!=5.0.0->bleach[css]!=5.0.0->nbconvert->jupyter->-r requirements.txt (line 12))
  Downloading webencodings-0.5.1-py2.py3-none-any.whl.metadata (2.1 kB)
Collecting tinycss2<1.5,>=1.1.0 (from bleach[css]!=5.0.0->nbconvert->jupyter->-r requirements.txt (line 12))
  Downloading tinycss2-1.4.0-py3-none-any.whl.metadata (3.0 kB)
Collecting fastjsonschema>=2.15 (from nbformat>=5.3.0->jupyter-server<3,>=2.4.0->notebook->-r requirements.txt (line 13))
  Using cached fastjsonschema-2.21.2-py3-none-any.whl.metadata (2.3 kB)
Collecting ptyprocess>=0.5 (from pexpect>4.6->ipython>=7.23.1->ipykernel->-r requirements.txt (line 10))
  Downloading ptyprocess-0.7.0-py2.py3-none-any.whl.metadata (1.3 kB)
Collecting six>=1.5 (from python-dateutil>=2.8.2->pandas->-r requirements.txt (line 1))
  Using cached six-1.17.0-py2.py3-none-any.whl.metadata (1.7 kB)
Collecting charset_normalizer<4,>=2 (from requests>=2.31->yfinance->-r requirements.txt (line 2))
  Downloading charset_normalizer-3.4.6-cp312-cp312-manylinux2014_x86_64.manylinux_2_17_x86_64.manylinux_2_28_x86_64.whl.metadata (40 kB)
Collecting urllib3<3,>=1.21.1 (from requests>=2.31->yfinance->-r requirements.txt (line 2))
  Using cached urllib3-2.6.3-py3-none-any.whl.metadata (6.9 kB)
Collecting lark>=1.2.2 (from rfc3987-syntax>=1.1.0->jsonschema[format-nongpl]>=4.18.0->jupyter-events>=0.11.0->jupyter-server<3,>=2.4.0->notebook->-r requirements.txt (line 13))
  Downloading lark-1.3.1-py3-none-any.whl.metadata (1.8 kB)
Collecting executing>=1.2.0 (from stack_data>=0.6.0->ipython>=7.23.1->ipykernel->-r requirements.txt (line 10))
  Downloading executing-2.2.1-py2.py3-none-any.whl.metadata (8.9 kB)
Collecting asttokens>=2.1.0 (from stack_data>=0.6.0->ipython>=7.23.1->ipykernel->-r requirements.txt (line 10))
  Downloading asttokens-3.0.1-py3-none-any.whl.metadata (4.9 kB)
Collecting pure-eval (from stack_data>=0.6.0->ipython>=7.23.1->ipykernel->-r requirements.txt (line 10))
  Downloading pure_eval-0.2.3-py3-none-any.whl.metadata (6.3 kB)
Collecting arrow>=0.15.0 (from isoduration->jsonschema[format-nongpl]>=4.18.0->jupyter-events>=0.11.0->jupyter-server<3,>=2.4.0->notebook->-r requirements.txt (line 13))
  Downloading arrow-1.4.0-py3-none-any.whl.metadata (7.7 kB)
Collecting tzdata (from arrow>=0.15.0->isoduration->jsonschema[format-nongpl]>=4.18.0->jupyter-events>=0.11.0->jupyter-server<3,>=2.4.0->notebook->-r requirements.txt (line 13))
  Downloading tzdata-2025.3-py2.py3-none-any.whl.metadata (1.4 kB)
Downloading pandas-3.0.1-cp312-cp312-manylinux_2_24_x86_64.manylinux_2_28_x86_64.whl (10.9 MB)
   ━━━━━━━━━━━━━━━━━━━━━━━━━━━━━━━━━━━━━━━━ 10.9/10.9 MB 32.6 MB/s  0:00:00
Downloading yfinance-1.2.0-py2.py3-none-any.whl (130 kB)
Downloading curl_cffi-0.13.0-cp39-abi3-manylinux_2_17_x86_64.manylinux2014_x86_64.whl (8.3 MB)
   ━━━━━━━━━━━━━━━━━━━━━━━━━━━━━━━━━━━━━━━━ 8.3/8.3 MB 51.7 MB/s  0:00:00
Downloading matplotlib-3.10.8-cp312-cp312-manylinux2014_x86_64.manylinux_2_17_x86_64.whl (8.7 MB)
   ━━━━━━━━━━━━━━━━━━━━━━━━━━━━━━━━━━━━━━━━ 8.7/8.7 MB 70.2 MB/s  0:00:00
Downloading numpy-2.4.3-cp312-cp312-manylinux_2_27_x86_64.manylinux_2_28_x86_64.whl (16.6 MB)
   ━━━━━━━━━━━━━━━━━━━━━━━━━━━━━━━━━━━━━━━━ 16.6/16.6 MB 44.7 MB/s  0:00:00
Downloading scipy-1.17.1-cp312-cp312-manylinux_2_27_x86_64.manylinux_2_28_x86_64.whl (35.2 MB)
   ━━━━━━━━━━━━━━━━━━━━━━━━━━━━━━━━━━━━━━━━ 35.2/35.2 MB 42.5 MB/s  0:00:00
Downloading statsmodels-0.14.6-cp312-cp312-manylinux2014_x86_64.manylinux_2_17_x86_64.manylinux_2_28_x86_64.whl (10.3 MB)
   ━━━━━━━━━━━━━━━━━━━━━━━━━━━━━━━━━━━━━━━━ 10.3/10.3 MB 54.5 MB/s  0:00:00
Downloading scikit_learn-1.8.0-cp312-cp312-manylinux_2_27_x86_64.manylinux_2_28_x86_64.whl (8.9 MB)
   ━━━━━━━━━━━━━━━━━━━━━━━━━━━━━━━━━━━━━━━━ 8.9/8.9 MB 45.9 MB/s  0:00:00
Downloading xgboost-3.2.0-py3-none-manylinux_2_28_x86_64.whl (131.7 MB)
   ━━━━━━━━━━━━━━━━━━━━━━━━━━━━━━━━━━━━━━━━ 131.7/131.7 MB 37.1 MB/s  0:00:03
Downloading seaborn-0.13.2-py3-none-any.whl (294 kB)
Downloading ipykernel-7.2.0-py3-none-any.whl (118 kB)
Downloading ipympl-0.10.0-py3-none-any.whl (519 kB)
Downloading ipython-9.11.0-py3-none-any.whl (624 kB)
   ━━━━━━━━━━━━━━━━━━━━━━━━━━━━━━━━━━━━━━━━ 624.2/624.2 kB 43.3 MB/s  0:00:00
Downloading ipywidgets-8.1.8-py3-none-any.whl (139 kB)
Downloading jupyterlab_widgets-3.0.16-py3-none-any.whl (914 kB)
   ━━━━━━━━━━━━━━━━━━━━━━━━━━━━━━━━━━━━━━━━ 914.9/914.9 kB 58.6 MB/s  0:00:00
Downloading prompt_toolkit-3.0.52-py3-none-any.whl (391 kB)
Downloading traitlets-5.14.3-py3-none-any.whl (85 kB)
Downloading widgetsnbextension-4.0.15-py3-none-any.whl (2.2 MB)
   ━━━━━━━━━━━━━━━━━━━━━━━━━━━━━━━━━━━━━━━━ 2.2/2.2 MB 69.1 MB/s  0:00:00
Downloading jupyter-1.1.1-py2.py3-none-any.whl (2.7 kB)
Downloading notebook-7.5.5-py3-none-any.whl (14.6 MB)
   ━━━━━━━━━━━━━━━━━━━━━━━━━━━━━━━━━━━━━━━━ 14.6/14.6 MB 85.3 MB/s  0:00:00
Downloading jupyter_server-2.17.0-py3-none-any.whl (388 kB)
Downloading jupyterlab-4.5.6-py3-none-any.whl (12.4 MB)
   ━━━━━━━━━━━━━━━━━━━━━━━━━━━━━━━━━━━━━━━━ 12.4/12.4 MB 86.3 MB/s  0:00:00
Using cached httpx-0.28.1-py3-none-any.whl (73 kB)
Using cached httpcore-1.0.9-py3-none-any.whl (78 kB)
Downloading jupyterlab_server-2.28.0-py3-none-any.whl (59 kB)
Downloading notebook_shim-0.2.4-py3-none-any.whl (13 kB)
Using cached anyio-4.12.1-py3-none-any.whl (113 kB)
Downloading argon2_cffi-25.1.0-py3-none-any.whl (14 kB)
Downloading async_lru-2.3.0-py3-none-any.whl (8.4 kB)
Downloading babel-2.18.0-py3-none-any.whl (10.2 MB)
   ━━━━━━━━━━━━━━━━━━━━━━━━━━━━━━━━━━━━━━━━ 10.2/10.2 MB 42.3 MB/s  0:00:00
Downloading beautifulsoup4-4.14.3-py3-none-any.whl (107 kB)
Using cached certifi-2026.2.25-py3-none-any.whl (153 kB)
Using cached cffi-2.0.0-cp312-cp312-manylinux2014_x86_64.manylinux_2_17_x86_64.whl (219 kB)
Downloading comm-0.2.3-py3-none-any.whl (7.3 kB)
Downloading contourpy-1.3.3-cp312-cp312-manylinux_2_27_x86_64.manylinux_2_28_x86_64.whl (362 kB)
Downloading cycler-0.12.1-py3-none-any.whl (8.3 kB)
Downloading debugpy-1.8.20-cp312-cp312-manylinux_2_34_x86_64.whl (4.3 MB)
   ━━━━━━━━━━━━━━━━━━━━━━━━━━━━━━━━━━━━━━━━ 4.3/4.3 MB 48.3 MB/s  0:00:00
Downloading decorator-5.2.1-py3-none-any.whl (9.2 kB)
Downloading fonttools-4.62.1-cp312-cp312-manylinux2014_x86_64.manylinux_2_17_x86_64.whl (5.0 MB)
   ━━━━━━━━━━━━━━━━━━━━━━━━━━━━━━━━━━━━━━━━ 5.0/5.0 MB 38.3 MB/s  0:00:00
Downloading frozendict-2.4.7-py3-none-any.whl (16 kB)
Using cached h11-0.16.0-py3-none-any.whl (37 kB)
Using cached idna-3.11-py3-none-any.whl (71 kB)
Downloading ipython_pygments_lexers-1.1.1-py3-none-any.whl (8.1 kB)
Downloading jedi-0.19.2-py2.py3-none-any.whl (1.6 MB)
   ━━━━━━━━━━━━━━━━━━━━━━━━━━━━━━━━━━━━━━━━ 1.6/1.6 MB 61.5 MB/s  0:00:00
Downloading parso-0.8.6-py2.py3-none-any.whl (106 kB)
Using cached jinja2-3.1.6-py3-none-any.whl (134 kB)
Downloading joblib-1.5.3-py3-none-any.whl (309 kB)
Downloading json5-0.13.0-py3-none-any.whl (36 kB)
Downloading jsonschema-4.26.0-py3-none-any.whl (90 kB)
Downloading attrs-26.1.0-py3-none-any.whl (67 kB)
Downloading jsonschema_specifications-2025.9.1-py3-none-any.whl (18 kB)
Downloading jupyter_client-8.8.0-py3-none-any.whl (107 kB)
Downloading jupyter_core-5.9.1-py3-none-any.whl (29 kB)
Downloading jupyter_events-0.12.0-py3-none-any.whl (19 kB)
Downloading jsonpointer-3.1.0-py3-none-any.whl (7.7 kB)
Downloading jupyter_lsp-2.3.0-py3-none-any.whl (76 kB)
Downloading jupyter_server_terminals-0.5.4-py3-none-any.whl (13 kB)
Downloading kiwisolver-1.5.0-cp312-cp312-manylinux2014_x86_64.manylinux_2_17_x86_64.whl (1.5 MB)
   ━━━━━━━━━━━━━━━━━━━━━━━━━━━━━━━━━━━━━━━━ 1.5/1.5 MB 60.6 MB/s  0:00:00
Using cached markupsafe-3.0.3-cp312-cp312-manylinux2014_x86_64.manylinux_2_17_x86_64.manylinux_2_28_x86_64.whl (22 kB)
Downloading matplotlib_inline-0.2.1-py3-none-any.whl (9.5 kB)
Downloading nbconvert-7.17.0-py3-none-any.whl (261 kB)
Downloading mistune-3.2.0-py3-none-any.whl (53 kB)
Downloading bleach-6.3.0-py3-none-any.whl (164 kB)
Downloading tinycss2-1.4.0-py3-none-any.whl (26 kB)
Downloading nbclient-0.10.4-py3-none-any.whl (25 kB)
Downloading nbformat-5.10.4-py3-none-any.whl (78 kB)
Using cached fastjsonschema-2.21.2-py3-none-any.whl (24 kB)
Downloading nest_asyncio-1.6.0-py3-none-any.whl (5.2 kB)
Using cached packaging-26.0-py3-none-any.whl (74 kB)
Downloading pandocfilters-1.5.1-py2.py3-none-any.whl (8.7 kB)
Downloading patsy-1.0.2-py2.py3-none-any.whl (233 kB)
Downloading peewee-4.0.2-py3-none-any.whl (143 kB)
Downloading pexpect-4.9.0-py2.py3-none-any.whl (63 kB)
Downloading pillow-12.1.1-cp312-cp312-manylinux_2_27_x86_64.manylinux_2_28_x86_64.whl (7.0 MB)
   ━━━━━━━━━━━━━━━━━━━━━━━━━━━━━━━━━━━━━━━━ 7.0/7.0 MB 82.7 MB/s  0:00:00
Using cached platformdirs-4.9.4-py3-none-any.whl (21 kB)
Downloading prometheus_client-0.24.1-py3-none-any.whl (64 kB)
Downloading protobuf-7.34.1-cp310-abi3-manylinux2014_x86_64.whl (324 kB)
Downloading psutil-7.2.2-cp36-abi3-manylinux2010_x86_64.manylinux_2_12_x86_64.manylinux_2_28_x86_64.whl (155 kB)
Downloading ptyprocess-0.7.0-py2.py3-none-any.whl (13 kB)
Using cached pygments-2.19.2-py3-none-any.whl (1.2 MB)
Downloading pyparsing-3.3.2-py3-none-any.whl (122 kB)
Using cached python_dateutil-2.9.0.post0-py2.py3-none-any.whl (229 kB)
Downloading python_json_logger-4.0.0-py3-none-any.whl (15 kB)
Downloading pytz-2026.1.post1-py2.py3-none-any.whl (510 kB)
Using cached pyyaml-6.0.3-cp312-cp312-manylinux2014_x86_64.manylinux_2_17_x86_64.manylinux_2_28_x86_64.whl (807 kB)
Downloading pyzmq-27.1.0-cp312-abi3-manylinux_2_26_x86_64.manylinux_2_28_x86_64.whl (840 kB)
   ━━━━━━━━━━━━━━━━━━━━━━━━━━━━━━━━━━━━━━━━ 841.0/841.0 kB 69.0 MB/s  0:00:00
Downloading referencing-0.37.0-py3-none-any.whl (26 kB)
Using cached requests-2.32.5-py3-none-any.whl (64 kB)
Downloading charset_normalizer-3.4.6-cp312-cp312-manylinux2014_x86_64.manylinux_2_17_x86_64.manylinux_2_28_x86_64.whl (207 kB)
Using cached urllib3-2.6.3-py3-none-any.whl (131 kB)
Downloading rfc3986_validator-0.1.1-py2.py3-none-any.whl (4.2 kB)
Downloading rfc3987_syntax-1.1.0-py3-none-any.whl (8.0 kB)
Downloading lark-1.3.1-py3-none-any.whl (113 kB)
Downloading rpds_py-0.30.0-cp312-cp312-manylinux_2_17_x86_64.manylinux2014_x86_64.whl (394 kB)
Downloading send2trash-2.1.0-py3-none-any.whl (17 kB)
Using cached setuptools-82.0.1-py3-none-any.whl (1.0 MB)
Using cached six-1.17.0-py2.py3-none-any.whl (11 kB)
Downloading soupsieve-2.8.3-py3-none-any.whl (37 kB)
Downloading stack_data-0.6.3-py3-none-any.whl (24 kB)
Downloading asttokens-3.0.1-py3-none-any.whl (27 kB)
Downloading executing-2.2.1-py2.py3-none-any.whl (28 kB)
Downloading terminado-0.18.1-py3-none-any.whl (14 kB)
Downloading threadpoolctl-3.6.0-py3-none-any.whl (18 kB)
Downloading tornado-6.5.5-cp39-abi3-manylinux1_x86_64.manylinux_2_28_x86_64.manylinux_2_5_x86_64.whl (447 kB)
Downloading webcolors-25.10.0-py3-none-any.whl (14 kB)
Downloading webencodings-0.5.1-py2.py3-none-any.whl (11 kB)
Downloading websocket_client-1.9.0-py3-none-any.whl (82 kB)
Downloading websockets-16.0-cp312-cp312-manylinux1_x86_64.manylinux_2_28_x86_64.manylinux_2_5_x86_64.whl (184 kB)
Downloading argon2_cffi_bindings-25.1.0-cp39-abi3-manylinux_2_26_x86_64.manylinux_2_28_x86_64.whl (87 kB)
Downloading defusedxml-0.7.1-py2.py3-none-any.whl (25 kB)
Downloading fqdn-1.5.1-py3-none-any.whl (9.1 kB)
Downloading isoduration-20.11.0-py3-none-any.whl (11 kB)
Downloading arrow-1.4.0-py3-none-any.whl (68 kB)
Downloading jupyter_console-6.6.3-py3-none-any.whl (24 kB)
Downloading jupyterlab_pygments-0.3.0-py3-none-any.whl (15 kB)
Downloading nvidia_nccl_cu12-2.29.7-py3-none-manylinux_2_18_x86_64.whl (293.6 MB)
   ━━━━━━━━━━━━━━━━━━━━━━━━━━━━━━━━━━━━━━━━ 293.6/293.6 MB 36.6 MB/s  0:00:07
Downloading pure_eval-0.2.3-py3-none-any.whl (11 kB)
Using cached pycparser-3.0-py3-none-any.whl (48 kB)
Downloading rfc3339_validator-0.1.4-py2.py3-none-any.whl (3.5 kB)
Downloading tzdata-2025.3-py2.py3-none-any.whl (348 kB)
Downloading uri_template-1.3.0-py3-none-any.whl (11 kB)
Downloading wcwidth-0.6.0-py3-none-any.whl (94 kB)
Building wheels for collected packages: multitasking
  Building wheel for multitasking (pyproject.toml): started
  Building wheel for multitasking (pyproject.toml): finished with status 'done'
  Created wheel for multitasking: filename=multitasking-0.0.12-py3-none-any.whl size=15635 sha256=54f194bf3f8e887fd1eda86e9b3628aec2df35a6c9ad2081283a9e09a1e70224
  Stored in directory: /home/jules/.cache/pip/wheels/cc/bd/6f/664d62c99327abeef7d86489e6631cbf45b56fbf7ef1d6ef00
Successfully built multitasking
Installing collected packages: webencodings, pytz, pure-eval, ptyprocess, peewee, multitasking, fastjsonschema, widgetsnbextension, websockets, websocket-client, webcolors, wcwidth, urllib3, uri-template, tzdata, traitlets, tornado, tinycss2, threadpoolctl, soupsieve, six, setuptools, send2trash, rpds-py, rfc3986-validator, pyzmq, pyyaml, python-json-logger, pyparsing, pygments, pycparser, psutil, protobuf, prometheus-client, platformdirs, pillow, pexpect, parso, pandocfilters, packaging, nvidia-nccl-cu12, numpy, nest-asyncio, mistune, MarkupSafe, lark, kiwisolver, jupyterlab_widgets, jupyterlab-pygments, jsonpointer, json5, joblib, idna, h11, frozendict, fqdn, fonttools, executing, defusedxml, decorator, debugpy, cycler, comm, charset_normalizer, certifi, bleach, babel, attrs, async-lru, asttokens, terminado, stack_data, scipy, rfc3987-syntax, rfc3339-validator, requests, referencing, python-dateutil, prompt_toolkit, patsy, matplotlib-inline, jupyter-core, jinja2, jedi, ipython-pygments-lexers, httpcore, contourpy, cffi, beautifulsoup4, anyio, xgboost, scikit-learn, pandas, matplotlib, jupyter-server-terminals, jupyter-client, jsonschema-specifications, ipython, httpx, curl_cffi, arrow, argon2-cffi-bindings, yfinance, statsmodels, seaborn, jsonschema, isoduration, ipywidgets, ipykernel, argon2-cffi, nbformat, jupyter-console, ipympl, nbclient, jupyter-events, nbconvert, jupyter-server, notebook-shim, jupyterlab-server, jupyter-lsp, jupyterlab, notebook, jupyter

Successfully installed MarkupSafe-3.0.3 anyio-4.12.1 argon2-cffi-25.1.0 argon2-cffi-bindings-25.1.0 arrow-1.4.0 asttokens-3.0.1 async-lru-2.3.0 attrs-26.1.0 babel-2.18.0 beautifulsoup4-4.14.3 bleach-6.3.0 certifi-2026.2.25 cffi-2.0.0 charset_normalizer-3.4.6 comm-0.2.3 contourpy-1.3.3 curl_cffi-0.13.0 cycler-0.12.1 debugpy-1.8.20 decorator-5.2.1 defusedxml-0.7.1 executing-2.2.1 fastjsonschema-2.21.2 fonttools-4.62.1 fqdn-1.5.1 frozendict-2.4.7 h11-0.16.0 httpcore-1.0.9 httpx-0.28.1 idna-3.11 ipykernel-7.2.0 ipympl-0.10.0 ipython-9.11.0 ipython-pygments-lexers-1.1.1 ipywidgets-8.1.8 isoduration-20.11.0 jedi-0.19.2 jinja2-3.1.6 joblib-1.5.3 json5-0.13.0 jsonpointer-3.1.0 jsonschema-4.26.0 jsonschema-specifications-2025.9.1 jupyter-1.1.1 jupyter-client-8.8.0 jupyter-console-6.6.3 jupyter-core-5.9.1 jupyter-events-0.12.0 jupyter-lsp-2.3.0 jupyter-server-2.17.0 jupyter-server-terminals-0.5.4 jupyterlab-4.5.6 jupyterlab-pygments-0.3.0 jupyterlab-server-2.28.0 jupyterlab_widgets-3.0.16 kiwisolver-1.5.0 lark-1.3.1 matplotlib-3.10.8 matplotlib-inline-0.2.1 mistune-3.2.0 multitasking-0.0.12 nbclient-0.10.4 nbconvert-7.17.0 nbformat-5.10.4 nest-asyncio-1.6.0 notebook-7.5.5 notebook-shim-0.2.4 numpy-2.4.3 nvidia-nccl-cu12-2.29.7 packaging-26.0 pandas-3.0.1 pandocfilters-1.5.1 parso-0.8.6 patsy-1.0.2 peewee-4.0.2 pexpect-4.9.0 pillow-12.1.1 platformdirs-4.9.4 prometheus-client-0.24.1 prompt_toolkit-3.0.52 protobuf-7.34.1 psutil-7.2.2 ptyprocess-0.7.0 pure-eval-0.2.3 pycparser-3.0 pygments-2.19.2 pyparsing-3.3.2 python-dateutil-2.9.0.post0 python-json-logger-4.0.0 pytz-2026.1.post1 pyyaml-6.0.3 pyzmq-27.1.0 referencing-0.37.0 requests-2.32.5 rfc3339-validator-0.1.4 rfc3986-validator-0.1.1 rfc3987-syntax-1.1.0 rpds-py-0.30.0 scikit-learn-1.8.0 scipy-1.17.1 seaborn-0.13.2 send2trash-2.1.0 setuptools-82.0.1 six-1.17.0 soupsieve-2.8.3 stack_data-0.6.3 statsmodels-0.14.6 terminado-0.18.1 threadpoolctl-3.6.0 tinycss2-1.4.0 tornado-6.5.5 traitlets-5.14.3 tzdata-2025.3 uri-template-1.3.0 urllib3-2.6.3 wcwidth-0.6.0 webcolors-25.10.0 webencodings-0.5.1 websocket-client-1.9.0 websockets-16.0 widgetsnbextension-4.0.15 xgboost-3.2.0 yfinance-1.2.0
